dss_special_clients_all_p1_fix
+----------------------------+
| record_effective_timestamp |
+----------------------------+
| 1800-01-01 00:00:00        |
+----------------------------+
+----------+
| count(1) |
+----------+
| 0        |
+----------+
+----------+
| count(1) |
+----------+
| 67127    |
+----------+
+----------+
| count(1) |
+----------+
| 67127    |
+----------+
frd_tblfrdactionresults_p1_fix
+----------------------------+
| record_effective_timestamp |
+----------------------------+
| 1800-01-01 00:00:00        |
+----------------------------+
+----------+
| count(1) |
+----------+
| 0        |
+----------+
+----------+
| count(1) |
+----------+
| 74948    |
+----------+
+----------+
| count(1) |
+----------+
| 74948    |
+----------+
lcf_dip_object_run_p1_fix
+----------------------------+
| record_effective_timestamp |
+----------------------------+
| 1800-01-01 00:00:00        |
+----------------------------+
+----------+
| count(1) |
+----------+
| 0        |
+----------+
+----------+
| count(1) |
+----------+
| 779      |
+----------+
+----------+
| count(1) |
+----------+
| 779      |
+----------+
ref_lanaccounttype_p1_fix
+----------------------------+
| record_effective_timestamp |
+----------------------------+
| 1800-01-01 00:00:00        |
+----------------------------+
+----------+
| count(1) |
+----------+
| 0        |
+----------+
+----------+
| count(1) |
+----------+
| 0        |
+----------+
+----------+
| count(1) |
+----------+
| 0        |
+----------+
ref_lanaddresstype_p1_fix
+----------------------------+
| record_effective_timestamp |
+----------------------------+
| 1800-01-01 00:00:00        |
+----------------------------+
+----------+
| count(1) |
+----------+
| 0        |
+----------+
+----------+
| count(1) |
+----------+
| 0        |
+----------+
+----------+
| count(1) |
+----------+
| 0        |
+----------+
ref_lanclosereason_p1_fix
+----------------------------+
| record_effective_timestamp |
+----------------------------+
| 1800-01-01 00:00:00        |
+----------------------------+
+----------+
| count(1) |
+----------+
| 0        |
+----------+
+----------+
| count(1) |
+----------+
| 0        |
+----------+
+----------+
| count(1) |
+----------+
| 0        |
+----------+
ref_lancustomerlevel_p1_fix
+----------------------------+
| record_effective_timestamp |
+----------------------------+
| 1800-01-01 00:00:00        |
+----------------------------+
+----------+
| count(1) |
+----------+
| 0        |
+----------+
+----------+
| count(1) |
+----------+
| 0        |
+----------+
+----------+
| count(1) |
+----------+
| 0        |
+----------+
ref_lancustomersubtype_p1_fix
+----------------------------+
| record_effective_timestamp |
+----------------------------+
| 1800-01-01 00:00:00        |
+----------------------------+
+----------+
| count(1) |
+----------+
| 0        |
+----------+
+----------+
| count(1) |
+----------+
| 0        |
+----------+
+----------+
| count(1) |
+----------+
| 0        |
+----------+
ref_lancustomertype_p1_fix
+----------------------------+
| record_effective_timestamp |
+----------------------------+
| 1800-01-01 00:00:00        |
+----------------------------+
+----------+
| count(1) |
+----------+
| 0        |
+----------+
+----------+
| count(1) |
+----------+
| 0        |
+----------+
+----------+
| count(1) |
+----------+
| 0        |
+----------+
ref_lanfiling_p1_fix
+----------------------------+
| record_effective_timestamp |
+----------------------------+
| 1800-01-01 00:00:00        |
+----------------------------+
+----------+
| count(1) |
+----------+
| 0        |
+----------+
+----------+
| count(1) |
+----------+
| 1        |
+----------+
+----------+
| count(1) |
+----------+
| 1        |
+----------+
ref_lanindicator_p1_fix
+----------------------------+
| record_effective_timestamp |
+----------------------------+
| 1800-01-01 00:00:00        |
+----------------------------+
+----------+
| count(1) |
+----------+
| 0        |
+----------+
+----------+
| count(1) |
+----------+
| 2        |
+----------+
+----------+
| count(1) |
+----------+
| 2        |
+----------+
ref_lanlinktype_p1_fix
+----------------------------+
| record_effective_timestamp |
+----------------------------+
| 1800-01-01 00:00:00        |
+----------------------------+
+----------+
| count(1) |
+----------+
| 0        |
+----------+
+----------+
| count(1) |
+----------+
| 0        |
+----------+
+----------+
| count(1) |
+----------+
| 0        |
+----------+
ref_lanlistitem_p1_fix
+----------------------------+
| record_effective_timestamp |
+----------------------------+
| 1800-01-01 00:00:00        |
+----------------------------+
+----------+
| count(1) |
+----------+
| 0        |
+----------+
+----------+
| count(1) |
+----------+
| 3        |
+----------+
+----------+
| count(1) |
+----------+
| 3        |
+----------+
ref_lannz_customerclass_p1_fix
+----------------------------+
| record_effective_timestamp |
+----------------------------+
| 1800-01-01 00:00:00        |
+----------------------------+
+----------+
| count(1) |
+----------+
| 0        |
+----------+
+----------+
| count(1) |
+----------+
| 0        |
+----------+
+----------+
| count(1) |
+----------+
| 0        |
+----------+
ref_lannz_customersegments_p1_fix
+----------------------------+
| record_effective_timestamp |
+----------------------------+
| 1800-01-01 00:00:00        |
+----------------------------+
+----------+
| count(1) |
+----------+
| 0        |
+----------+
+----------+
| count(1) |
+----------+
| 0        |
+----------+
+----------+
| count(1) |
+----------+
| 0        |
+----------+
ref_lannz_employergroup_p1_fix
+----------------------------+
| record_effective_timestamp |
+----------------------------+
| 1800-01-01 00:00:00        |
+----------------------------+
+----------+
| count(1) |
+----------+
| 0        |
+----------+
+----------+
| count(1) |
+----------+
| 0        |
+----------+
+----------+
| count(1) |
+----------+
| 0        |
+----------+
ref_lannz_employertype_p1_fix
+----------------------------+
| record_effective_timestamp |
+----------------------------+
| 1800-01-01 00:00:00        |
+----------------------------+
+----------+
| count(1) |
+----------+
| 0        |
+----------+
+----------+
| count(1) |
+----------+
| 0        |
+----------+
+----------+
| count(1) |
+----------+
| 0        |
+----------+
ref_lannz_inctaxexemptionrsn_p1_fix
+----------------------------+
| record_effective_timestamp |
+----------------------------+
| 1800-01-01 00:00:00        |
+----------------------------+
+----------+
| count(1) |
+----------+
| 0        |
+----------+
+----------+
| count(1) |
+----------+
| 1        |
+----------+
+----------+
| count(1) |
+----------+
| 1        |
+----------+
ref_lanofficelocation_p1_fix
+----------------------------+
| record_effective_timestamp |
+----------------------------+
| 1800-01-01 00:00:00        |
+----------------------------+
+----------+
| count(1) |
+----------+
| 0        |
+----------+
+----------+
| count(1) |
+----------+
| 0        |
+----------+
+----------+
| count(1) |
+----------+
| 0        |
+----------+
ref_lanprofiletype_p1_fix
+----------------------------+
| record_effective_timestamp |
+----------------------------+
| 1800-01-01 00:00:00        |
+----------------------------+
+----------+
| count(1) |
+----------+
| 0        |
+----------+
+----------+
| count(1) |
+----------+
| 0        |
+----------+
+----------+
| count(1) |
+----------+
| 0        |
+----------+
ref_rfraddresstype_p1_fix
+----------------------------+
| record_effective_timestamp |
+----------------------------+
| 1800-01-01 00:00:00        |
+----------------------------+
+----------+
| count(1) |
+----------+
| 0        |
+----------+
+----------+
| count(1) |
+----------+
| 0        |
+----------+
+----------+
| count(1) |
+----------+
| 0        |
+----------+
ref_rfrnz_filing_p1_fix
+----------------------------+
| record_effective_timestamp |
+----------------------------+
| 1800-01-01 00:00:00        |
+----------------------------+
+----------+
| count(1) |
+----------+
| 0        |
+----------+
+----------+
| count(1) |
+----------+
| 0        |
+----------+
+----------+
| count(1) |
+----------+
| 0        |
+----------+
